app/build/intermediates/manifest_merge_blame_file/debug/manifest-merger-blame-debug-report.txt
1<?xml version="1.0" encoding="utf-8"?>
2<manifest xmlns:android="http://schemas.android.com/apk/res/android"
3    package="com.example.stell"
4    android:versionCode="1"
5    android:versionName="1.0" >
6
7    <uses-sdk
8        android:minSdkVersion="16"
8-->src\main\AndroidManifest.xml
9        android:targetSdkVersion="30" />
9-->src\main\AndroidManifest.xml
10
11    <uses-permission android:name="android.permission.CAMERA" />
11-->src\main\AndroidManifest.xml:5:5-65
11-->src\main\AndroidManifest.xml:5:22-62
12
13    <uses-feature android:name="android.hardware.camera2.autofocus" />
13-->src\main\AndroidManifest.xml:6:5-70
13-->src\main\AndroidManifest.xml:6:19-68
14
15    <application
15-->src\main\AndroidManifest.xml:8:5-28:19
16        android:allowBackup="true"
16-->src\main\AndroidManifest.xml:9:9-35
17        android:appComponentFactory="androidx.core.app.CoreComponentFactory"
17-->[androidx.core:core:1.1.0] AndroidManifest.xml:24:18-86
18        android:debuggable="true"
19        android:icon="@mipmap/ic_launcher"
19-->src\main\AndroidManifest.xml:10:9-43
20        android:label="@string/app_name"
20-->src\main\AndroidManifest.xml:11:9-41
21        android:roundIcon="@mipmap/ic_launcher_round"
21-->src\main\AndroidManifest.xml:12:9-54
22        android:supportsRtl="true"
22-->src\main\AndroidManifest.xml:13:9-35
23        android:testOnly="true"
24        android:theme="@style/AppTheme" >
24-->src\main\AndroidManifest.xml:14:9-40
25        <activity
25-->src\main\AndroidManifest.xml:15:9-17:20
26            android:name="com.example.stell.CameraActivity"
26-->src\main\AndroidManifest.xml:15:19-49
27            android:theme="@style/FullAppCompatTheme" >
27-->src\main\AndroidManifest.xml:16:13-54
28        </activity>
29        <activity
29-->src\main\AndroidManifest.xml:18:9-27:20
30            android:name="com.example.stell.MainActivity"
30-->src\main\AndroidManifest.xml:19:13-41
31            android:label="@string/app_name"
31-->src\main\AndroidManifest.xml:20:13-45
32            android:theme="@style/AppTheme.NoActionBar" >
32-->src\main\AndroidManifest.xml:21:13-56
33            <intent-filter>
33-->src\main\AndroidManifest.xml:22:13-26:29
34                <action android:name="android.intent.action.MAIN" />
34-->src\main\AndroidManifest.xml:23:17-69
34-->src\main\AndroidManifest.xml:23:25-66
35
36                <category android:name="android.intent.category.LAUNCHER" />
36-->src\main\AndroidManifest.xml:25:17-77
36-->src\main\AndroidManifest.xml:25:27-74
37            </intent-filter>
38        </activity>
39    </application>
40
41</manifest>